

Microchip Technology PIC18 LITE Macro Assembler V1.45 build -152302408 
                                                                                               Tue Sep 20 20:35:08 2022

Microchip Technology Omniscient Code Generator v1.45 (Free mode) build 201711160504
     1                           	processor	18F4520
     2                           	fnconf	rparam,??,?,0
     3                           	opt	pw 120
     4                           	opt	lm
     5                           	psect	cinit,global,reloc=2,class=CODE,delta=1
     6                           	psect	bssCOMRAM,global,class=COMRAM,space=1,delta=1,noexec
     7                           	psect	cstackCOMRAM,global,class=COMRAM,space=1,delta=1,noexec
     8                           	psect	text0,global,reloc=2,class=CODE,delta=1
     9                           	psect	text1,global,reloc=2,class=CODE,delta=1
    10                           	psect	text2,global,reloc=2,class=CODE,delta=1
    11                           	psect	intsave_regs,global,class=BIGRAM,space=1,delta=1,noexec
    12                           	psect	rparam,global,class=COMRAM,space=1,delta=1,noexec
    13  0000                     
    14                           ; Version 1.45
    15                           ; Generated 16/11/2017 GMT
    16                           ; 
    17                           ; Copyright © 2017, Microchip Technology Inc. and its subsidiaries ("Microchip")
    18                           ; All rights reserved.
    19                           ; 
    20                           ; This software is developed by Microchip Technology Inc. and its subsidiaries ("Microch
      +                          ip").
    21                           ; 
    22                           ; Redistribution and use in source and binary forms, with or without modification, are
    23                           ; permitted provided that the following conditions are met:
    24                           ; 
    25                           ;     1. Redistributions of source code must retain the above copyright notice, this lis
      +                          t of
    26                           ;        conditions and the following disclaimer.
    27                           ; 
    28                           ;     2. Redistributions in binary form must reproduce the above copyright notice, this 
      +                          list
    29                           ;        of conditions and the following disclaimer in the documentation and/or other
    30                           ;        materials provided with the distribution.
    31                           ; 
    32                           ;     3. Microchip's name may not be used to endorse or promote products derived from th
      +                          is
    33                           ;        software without specific prior written permission.
    34                           ; 
    35                           ; THIS SOFTWARE IS PROVIDED BY MICROCHIP "AS IS" AND ANY EXPRESS OR IMPLIED WARRANTIES,
    36                           ; INCLUDING, BUT NOT LIMITED TO, THE IMPLIED WARRANTIES OF MERCHANTABILITY AND FITNESS F
      +                          OR
    37                           ; PURPOSE ARE DISCLAIMED.  IN NO EVENT SHALL MICROCHIP BE LIABLE FOR ANY DIRECT, INDIREC
      +                          T,
    38                           ; INCIDENTAL, SPECIAL, EXEMPLARY, OR CONSEQUENTIAL DAMAGES (INCLUDING BUT NOT LIMITED TO
    39                           ; PROCUREMENT OF SUBSTITUTE GOODS OR SERVICES; LOSS OF USE, DATA OR PROFITS; OR BUSINESS
    40                           ; INTERRUPTION) HOWSOEVER CAUSED AND ON ANY THEORY OF LIABILITY, WHETHER IN CONTRACT, ST
      +                          RICT
    41                           ; LIABILITY, OR TORT (INCLUDING NEGLIGENCE OR OTHERWISE) ARISING IN ANY WAY OUT OF THE U
      +                          SE OF
    42                           ; THIS SOFTWARE, EVEN IF ADVISED OF THE POSSIBILITY OF SUCH DAMAGE.
    43                           ; 
    44                           ; 
    45                           ; Code-generator required, PIC18F4520 Definitions
    46                           ; 
    47                           ; SFR Addresses
    48  0000                     _LATD	set	3980
    49  0000                     _TRISD	set	3989
    50  0000                     _ADCON1	set	4033
    51                           
    52                           ; #config settings
    53  0000                     
    54                           	psect	cinit
    55  007FC2                     __pcinit:
    56                           	opt stack 0
    57  007FC2                     start_initialization:
    58                           	opt stack 0
    59  007FC2                     __initialization:
    60                           	opt stack 0
    61                           
    62                           ; Clear objects allocated to COMRAM (1 bytes)
    63  007FC2  6A03               	clrf	__pbssCOMRAM& (0+255),c
    64  007FC4                     end_of_initialization:
    65                           	opt stack 0
    66  007FC4                     __end_of__initialization:
    67                           	opt stack 0
    68  007FC4  0100               	movlb	0
    69  007FC6  EFE5  F03F         	goto	_main	;jump to C main() function
    70                           
    71                           	psect	bssCOMRAM
    72  000003                     __pbssCOMRAM:
    73                           	opt stack 0
    74  000003                     _contador:
    75                           	opt stack 0
    76  000003                     	ds	1
    77                           
    78                           	psect	cstackCOMRAM
    79  000001                     __pcstackCOMRAM:
    80                           	opt stack 0
    81  000001                     ??_loop:
    82  000001                     
    83                           ; 2 bytes @ 0x0
    84  000001                     	ds	2
    85  000003                     
    86                           ; 1 bytes @ 0x2
    87 ;;
    88 ;;Main: autosize = 0, tempsize = 0, incstack = 0, save=0
    89 ;;
    90 ;; *************** function _main *****************
    91 ;; Defined at:
    92 ;;		line 79 in file "main.c"
    93 ;; Parameters:    Size  Location     Type
    94 ;;		None
    95 ;; Auto vars:     Size  Location     Type
    96 ;;		None
    97 ;; Return value:  Size  Location     Type
    98 ;;                  2   18[None  ] int 
    99 ;; Registers used:
   100 ;;		wreg, status,2, status,0, cstack
   101 ;; Tracked objects:
   102 ;;		On entry : 0/0
   103 ;;		On exit  : 0/0
   104 ;;		Unchanged: 0/0
   105 ;; Data sizes:     COMRAM   BANK0   BANK1   BANK2   BANK3   BANK4   BANK5
   106 ;;      Params:         0       0       0       0       0       0       0
   107 ;;      Locals:         0       0       0       0       0       0       0
   108 ;;      Temps:          0       0       0       0       0       0       0
   109 ;;      Totals:         0       0       0       0       0       0       0
   110 ;;Total ram usage:        0 bytes
   111 ;; Hardware stack levels required when called:    1
   112 ;; This function calls:
   113 ;;		_loop
   114 ;;		_setup
   115 ;; This function is called by:
   116 ;;		Startup code after reset
   117 ;; This function uses a non-reentrant model
   118 ;;
   119                           
   120                           	psect	text0
   121  007FCA                     __ptext0:
   122                           	opt stack 0
   123  007FCA                     _main:
   124                           	opt stack 30
   125                           
   126                           ;main.c: 81: setup();
   127                           
   128                           ;incstack = 0
   129  007FCA  ECEA  F03F         	call	_setup	;wreg free
   130  007FCE  ECF1  F03F         	call	_loop	;wreg free
   131  007FD2  D7FD               	goto	l19
   132  007FD4                     __end_of_main:
   133                           	opt stack 0
   134                           
   135 ;; *************** function _setup *****************
   136 ;; Defined at:
   137 ;;		line 86 in file "main.c"
   138 ;; Parameters:    Size  Location     Type
   139 ;;		None
   140 ;; Auto vars:     Size  Location     Type
   141 ;;		None
   142 ;; Return value:  Size  Location     Type
   143 ;;                  1    wreg      void 
   144 ;; Registers used:
   145 ;;		wreg, status,2
   146 ;; Tracked objects:
   147 ;;		On entry : 0/0
   148 ;;		On exit  : 0/0
   149 ;;		Unchanged: 0/0
   150 ;; Data sizes:     COMRAM   BANK0   BANK1   BANK2   BANK3   BANK4   BANK5
   151 ;;      Params:         0       0       0       0       0       0       0
   152 ;;      Locals:         0       0       0       0       0       0       0
   153 ;;      Temps:          0       0       0       0       0       0       0
   154 ;;      Totals:         0       0       0       0       0       0       0
   155 ;;Total ram usage:        0 bytes
   156 ;; Hardware stack levels used:    1
   157 ;; This function calls:
   158 ;;		Nothing
   159 ;; This function is called by:
   160 ;;		_main
   161 ;; This function uses a non-reentrant model
   162 ;;
   163                           
   164                           	psect	text1
   165  007FD4                     __ptext1:
   166                           	opt stack 0
   167  007FD4                     _setup:
   168                           	opt stack 30
   169                           
   170                           ;main.c: 88: ADCON1 = 0x0f;
   171                           
   172                           ;incstack = 0
   173  007FD4  0E0F               	movlw	15
   174  007FD6  6EC1               	movwf	4033,c	;volatile
   175                           
   176                           ;main.c: 89: TRISD = 0x00;
   177  007FD8  0E00               	movlw	0
   178  007FDA  6E95               	movwf	3989,c	;volatile
   179                           
   180                           ;main.c: 91: LATD = 0x00;
   181  007FDC  0E00               	movlw	0
   182  007FDE  6E8C               	movwf	3980,c	;volatile
   183  007FE0  0012               	return		;funcret
   184  007FE2                     __end_of_setup:
   185                           	opt stack 0
   186                           
   187 ;; *************** function _loop *****************
   188 ;; Defined at:
   189 ;;		line 96 in file "main.c"
   190 ;; Parameters:    Size  Location     Type
   191 ;;		None
   192 ;; Auto vars:     Size  Location     Type
   193 ;;		None
   194 ;; Return value:  Size  Location     Type
   195 ;;                  1    wreg      void 
   196 ;; Registers used:
   197 ;;		wreg, status,2, status,0
   198 ;; Tracked objects:
   199 ;;		On entry : 0/0
   200 ;;		On exit  : 0/0
   201 ;;		Unchanged: 0/0
   202 ;; Data sizes:     COMRAM   BANK0   BANK1   BANK2   BANK3   BANK4   BANK5
   203 ;;      Params:         0       0       0       0       0       0       0
   204 ;;      Locals:         0       0       0       0       0       0       0
   205 ;;      Temps:          2       0       0       0       0       0       0
   206 ;;      Totals:         2       0       0       0       0       0       0
   207 ;;Total ram usage:        2 bytes
   208 ;; Hardware stack levels used:    1
   209 ;; This function calls:
   210 ;;		Nothing
   211 ;; This function is called by:
   212 ;;		_main
   213 ;; This function uses a non-reentrant model
   214 ;;
   215                           
   216                           	psect	text2
   217  007FE2                     __ptext2:
   218                           	opt stack 0
   219  007FE2                     _loop:
   220                           	opt stack 30
   221                           
   222                           ;main.c: 99: LATD = contador;
   223                           
   224                           ;incstack = 0
   225  007FE2  C003  FF8C         	movff	_contador,3980	;volatile
   226                           
   227                           ;main.c: 100: contador++;
   228  007FE6  2A03               	incf	_contador,f,c
   229                           
   230                           ;main.c: 101: _delay((unsigned long)((500)*(4000000UL/4000.0)));
   231  007FE8  0E03               	movlw	3
   232  007FEA  6E02               	movwf	(??_loop+1)& (0+255),c
   233  007FEC  0E8A               	movlw	138
   234  007FEE  6E01               	movwf	??_loop& (0+255),c
   235  007FF0  0E56               	movlw	86
   236  007FF2                     u17:
   237  007FF2  2EE8               	decfsz	wreg,f,c
   238  007FF4  D7FE               	bra	u17
   239  007FF6  2E01               	decfsz	??_loop& (0+255),f,c
   240  007FF8  D7FC               	bra	u17
   241  007FFA  2E02               	decfsz	(??_loop+1)& (0+255),f,c
   242  007FFC  D7FA               	bra	u17
   243  007FFE  0012               	return		;funcret
   244  008000                     __end_of_loop:
   245                           	opt stack 0
   246  0000                     wreg	equ	0xFE8
   247                           wreg	equ	0xFE8
   248                           
   249                           	psect	rparam
   250  0000                     wreg	equ	0xFE8


Data Sizes:
    Strings     0
    Constant    0
    Data        0
    BSS         1
    Persistent  0
    Stack       0

Auto Spaces:
    Space          Size  Autos    Used
    COMRAM          127      2       3
    BANK0           128      0       0
    BANK1           256      0       0
    BANK2           256      0       0
    BANK3           256      0       0
    BANK4           256      0       0
    BANK5           256      0       0

Pointer List with Targets:

    None.

Critical Paths under _main in COMRAM

    _main->_loop

Critical Paths under _main in BANK0

    None.

Critical Paths under _main in BANK1

    None.

Critical Paths under _main in BANK2

    None.

Critical Paths under _main in BANK3

    None.

Critical Paths under _main in BANK4

    None.

Critical Paths under _main in BANK5

    None.

Call Graph Tables:

 ---------------------------------------------------------------------------------
 (Depth) Function   	        Calls       Base Space   Used Autos Params    Refs
 ---------------------------------------------------------------------------------
 (0) _main                                                 0     0      0       0
                               _loop
                              _setup
 ---------------------------------------------------------------------------------
 (1) _setup                                                0     0      0       0
 ---------------------------------------------------------------------------------
 (1) _loop                                                 2     2      0       0
                                              0 COMRAM     2     2      0
 ---------------------------------------------------------------------------------
 Estimated maximum stack depth 1
 ---------------------------------------------------------------------------------

 Call Graph Graphs:

 _main (ROOT)
   _loop
   _setup

 Address spaces:
Name               Size   Autos  Total    Cost      Usage
BIGRAM             5FF      0       0      17        0.0%
EEDATA             100      0       0       0        0.0%
BITBANK5           100      0       0      16        0.0%
BANK5              100      0       0      14        0.0%
BITBANK4           100      0       0      12        0.0%
BANK4              100      0       0      13        0.0%
BITBANK3           100      0       0      10        0.0%
BANK3              100      0       0      11        0.0%
BITBANK2           100      0       0       8        0.0%
BANK2              100      0       0       9        0.0%
BITBANK1           100      0       0       6        0.0%
BANK1              100      0       0       7        0.0%
BITBANK0            80      0       0       4        0.0%
BANK0               80      0       0       5        0.0%
BITCOMRAM           7F      0       0       0        0.0%
COMRAM              7F      2       3       1        2.4%
BITSFR               0      0       0     200        0.0%
SFR                  0      0       0     200        0.0%
STACK                0      0       0       2        0.0%
NULL                 0      0       0       0        0.0%
ABS                  0      0       3      15        0.0%
DATA                 0      0       3       3        0.0%
CODE                 0      0       0       0        0.0%


Microchip Technology PIC18 Macro Assembler V1.45 build -152302408 
Symbol Table                                                                                   Tue Sep 20 20:35:08 2022

                     l19 7FCE                       u17 7FF2              __CFG_BORV$3 000000  
           __CFG_CP0$OFF 000000             __CFG_CP1$OFF 000000             __CFG_CP2$OFF 000000  
           __CFG_CP3$OFF 000000              __CFG_OSC$HS 000000             __CFG_CPB$OFF 000000  
           __CFG_CPD$OFF 000000                      wreg 000FE8             __CFG_LVP$OFF 000000  
           __CFG_WDT$OFF 000000                     _LATD 000F8C                     _main 7FCA  
                   _loop 7FE2                     start 0000            __CFG_IESO$OFF 000000  
          __CFG_MCLRE$ON 000000             ___param_bank 000000                    ?_main 0001  
                  ?_loop 0001                    _TRISD 000F95            __CFG_PWRT$OFF 000000  
          __CFG_WRT0$OFF 000000            __CFG_WRT1$OFF 000000            __CFG_WRT2$OFF 000000  
          __CFG_WRT3$OFF 000000           __CFG_EBTR0$OFF 000000           __CFG_FCMEN$OFF 000000  
         __CFG_EBTR1$OFF 000000           __CFG_EBTR2$OFF 000000           __CFG_EBTR3$OFF 000000  
          __CFG_WRTB$OFF 000000            __CFG_WRTC$OFF 000000            __CFG_WRTD$OFF 000000  
         __CFG_EBTRB$OFF 000000                    _setup 7FD4           __CFG_PBADEN$ON 000000  
        __initialization 7FC2             __end_of_main 7FD4             __end_of_loop 8000  
                 ??_main 0003                   ??_loop 0001            __activetblptr 000000  
                 _ADCON1 000FC1                   ?_setup 0001           __CFG_XINST$OFF 000000  
         __CFG_STVREN$ON 000000               __accesstop 0080  __end_of__initialization 7FC4  
          ___rparam_used 000001           __pcstackCOMRAM 0001            __end_of_setup 7FE2  
                ??_setup 0001                  __Hparam 0000                  __Lparam 0000  
                __pcinit 7FC2                  __ramtop 0600                  __ptext0 7FCA  
                __ptext1 7FD4                  __ptext2 7FE2     end_of_initialization 7FC4  
    start_initialization 7FC2         __CFG_LPT1OSC$OFF 000000              __pbssCOMRAM 0003  
      __CFG_CCP2MX$PORTC 000000           __size_of_setup 000E         __CFG_WDTPS$32768 000000  
               __Hrparam 0000                 __Lrparam 0000       __CFG_BOREN$SBORDIS 000000  
               _contador 0003            __size_of_main 000A            __size_of_loop 001E  
