

Microchip MPLAB XC8 Assembler V2.36 build 20220127204148 
                                                                                               Wed Oct  5 20:40:01 2022

Microchip MPLAB XC8 C Compiler v2.36 (Free license) build 20220127204148 Og1 
     1                           	processor	18F4520
     2                           	fnconf	rparam,??,?,0
     3                           	pagewidth 120
     4                           	opt	flic
     5                           	psect	idataCOMRAM,global,class=CODE,delta=1,noexec
     6                           	psect	nvCOMRAM,global,class=COMRAM,space=1,delta=1,lowdata,noexec
     7                           	psect	cinit,global,reloc=2,class=CODE,delta=1
     8                           	psect	bssCOMRAM,global,class=COMRAM,space=1,delta=1,lowdata,noexec
     9                           	psect	dataCOMRAM,global,class=COMRAM,space=1,delta=1,lowdata,noexec
    10                           	psect	cstackCOMRAM,global,class=COMRAM,space=1,delta=1,lowdata,noexec
    11                           	psect	text0,global,reloc=2,class=CODE,delta=1
    12                           	psect	text1,global,reloc=2,class=CODE,delta=1
    13                           	psect	text2,global,reloc=2,class=CODE,delta=1
    14                           	psect	text3,global,reloc=2,class=CODE,delta=1
    15                           	psect	text4,global,reloc=2,class=CODE,delta=1
    16                           	psect	intcode,global,reloc=2,class=CODE,delta=1
    17                           	psect	intcode_body,global,reloc=2,class=CODE,delta=1
    18                           	psect	text6,global,reloc=2,class=CODE,delta=1
    19                           	psect	text7,global,reloc=2,class=CODE,delta=1
    20                           	psect	text8,global,reloc=2,class=CODE,delta=1
    21                           	psect	intsave_regs,global,class=BIGRAM,space=1,delta=1,noexec
    22                           	psect	rparam,global,class=COMRAM,space=1,delta=1,noexec
    23                           	psect	temp,global,ovrld,common,class=COMRAM,space=1,delta=1
    24                           	psect	idloc,global,abs,ovrld,class=IDLOC,space=5,delta=1,noexec
    25                           	psect	config,global,abs,ovrld,class=CONFIG,space=4,delta=1,noexec
    26  0000                     
    27                           ; Version 2.40
    28                           ; Generated 17/11/2021 GMT
    29                           ; 
    30                           ; Copyright © 2021, Microchip Technology Inc. and its subsidiaries ("Microchip")
    31                           ; All rights reserved.
    32                           ; 
    33                           ; This software is developed by Microchip Technology Inc. and its subsidiaries ("Microch
      +                          ip").
    34                           ; 
    35                           ; Redistribution and use in source and binary forms, with or without modification, are
    36                           ; permitted provided that the following conditions are met:
    37                           ; 
    38                           ;     1. Redistributions of source code must retain the above copyright notice, this lis
      +                          t of
    39                           ;        conditions and the following disclaimer.
    40                           ; 
    41                           ;     2. Redistributions in binary form must reproduce the above copyright notice, this 
      +                          list
    42                           ;        of conditions and the following disclaimer in the documentation and/or other
    43                           ;        materials provided with the distribution. Publication is not required when
    44                           ;        this file is used in an embedded application.
    45                           ; 
    46                           ;     3. Microchip's name may not be used to endorse or promote products derived from th
      +                          is
    47                           ;        software without specific prior written permission.
    48                           ; 
    49                           ; THIS SOFTWARE IS PROVIDED BY MICROCHIP "AS IS" AND ANY EXPRESS OR IMPLIED WARRANTIES,
    50                           ; INCLUDING, BUT NOT LIMITED TO, THE IMPLIED WARRANTIES OF MERCHANTABILITY AND FITNESS F
      +                          OR
    51                           ; PURPOSE ARE DISCLAIMED.  IN NO EVENT SHALL MICROCHIP BE LIABLE FOR ANY DIRECT, INDIREC
      +                          T,
    52                           ; INCIDENTAL, SPECIAL, EXEMPLARY, OR CONSEQUENTIAL DAMAGES (INCLUDING BUT NOT LIMITED TO
    53                           ; PROCUREMENT OF SUBSTITUTE GOODS OR SERVICES; LOSS OF USE, DATA OR PROFITS; OR BUSINESS
    54                           ; INTERRUPTION) HOWSOEVER CAUSED AND ON ANY THEORY OF LIABILITY, WHETHER IN CONTRACT, ST
      +                          RICT
    55                           ; LIABILITY, OR TORT (INCLUDING NEGLIGENCE OR OTHERWISE) ARISING IN ANY WAY OUT OF THE U
      +                          SE OF
    56                           ; THIS SOFTWARE, EVEN IF ADVISED OF THE POSSIBILITY OF SUCH DAMAGE.
    57                           ; 
    58                           ; 
    59                           ; Code-generator required, PIC18F4520 Definitions
    60                           ; 
    61                           ; SFR Addresses
    62  0000                     
    63                           	psect	idataCOMRAM
    64  0001F8                     __pidataCOMRAM:
    65                           	callstack 0
    66                           
    67                           ;initializer for _conv7seg
    68  0001F8  3F                 	db	63
    69  0001F9  06                 	db	6
    70  0001FA  5B                 	db	91
    71  0001FB  4F                 	db	79
    72  0001FC  66                 	db	102
    73  0001FD  6D                 	db	109
    74  0001FE  7D                 	db	125
    75  0001FF  07                 	db	7
    76  000200  7F                 	db	127
    77  000201  6F                 	db	111
    78  000202  77                 	db	119
    79  000203  7C                 	db	124
    80  000204  39                 	db	57
    81  000205  5E                 	db	94
    82  000206  79                 	db	121
    83  000207  71                 	db	113
    84  000208  00                 	db	0
    85                           
    86                           ;initializer for f_interrupt_high@counter
    87  000209  0001               	dw	1
    88  0000                     _INTCON2	set	4081
    89                           
    90                           	psect	nvCOMRAM
    91  000018                     __pnvCOMRAM:
    92                           	callstack 0
    93  000018                     _led2:
    94                           	callstack 0
    95  000018                     	ds	1
    96  000019                     _led1:
    97                           	callstack 0
    98  000019                     	ds	1
    99  0000                     _LATA	set	3977
   100  0000                     _INTCON3	set	4080
   101  0000                     _INTCON	set	4082
   102  0000                     _TMR0IE	set	32661
   103  0000                     _LATA5	set	31821
   104  0000                     _LATA4	set	31820
   105  0000                     _LATA3	set	31819
   106  0000                     _PEIE	set	32662
   107  0000                     _GIE	set	32663
   108  0000                     _INT2IE	set	32644
   109  0000                     _INT2IF	set	32641
   110  0000                     _INT1IE	set	32643
   111  0000                     _INT0IE	set	32660
   112  0000                     _INT0IF	set	32657
   113  0000                     _TMR0	set	4054
   114  0000                     _LATA2	set	31818
   115  0000                     _IPEN	set	32391
   116  0000                     _TMR0IF	set	32658
   117  0000                     _INT1IF	set	32640
   118  0000                     _T0CON	set	4053
   119  0000                     _LATB	set	3978
   120  0000                     _LATD	set	3980
   121  0000                     _TRISA	set	3986
   122  0000                     _ADCON1	set	4033
   123  0000                     _TRISD	set	3989
   124  0000                     _TRISB	set	3987
   125                           
   126                           ; #config settings
   127                           
   128                           	psect	cinit
   129  00015A                     __pcinit:
   130                           	callstack 0
   131  00015A                     start_initialization:
   132                           	callstack 0
   133  00015A                     __initialization:
   134                           	callstack 0
   135                           
   136                           ; Initialize objects allocated to COMRAM (19 bytes)
   137                           ; load TBLPTR registers with __pidataCOMRAM
   138  00015A  0EF8               	movlw	low __pidataCOMRAM
   139  00015C  6EF6               	movwf	tblptrl,c
   140  00015E  0E01               	movlw	high __pidataCOMRAM
   141  000160  6EF7               	movwf	tblptrh,c
   142  000162  0E00               	movlw	low (__pidataCOMRAM shr (0+16))
   143  000164  6EF8               	movwf	tblptru,c
   144  000166  EE00  F001         	lfsr	0,__pdataCOMRAM
   145  00016A  EE10 F013          	lfsr	1,19
   146  00016E                     copy_data0:
   147  00016E  0009               	tblrd		*+
   148  000170  CFF5 FFEE          	movff	tablat,postinc0
   149  000174  50E5               	movf	postdec1,w,c
   150  000176  50E1               	movf	fsr1l,w,c
   151  000178  E1FA               	bnz	copy_data0
   152                           
   153                           ; Clear objects allocated to COMRAM (4 bytes)
   154  00017A  6A17               	clrf	(__pbssCOMRAM+3)& (0+255),c
   155  00017C  6A16               	clrf	(__pbssCOMRAM+2)& (0+255),c
   156  00017E  6A15               	clrf	(__pbssCOMRAM+1)& (0+255),c
   157  000180  6A14               	clrf	__pbssCOMRAM& (0+255),c
   158  000182                     end_of_initialization:
   159                           	callstack 0
   160  000182                     __end_of__initialization:
   161                           	callstack 0
   162  000182  901C               	bcf	int$flags,0,c	;clear compiler interrupt flag (level 1)
   163  000184  921C               	bcf	int$flags,1,c	;clear compiler interrupt flag (level 2)
   164  000186  0E00               	movlw	low (__Lmediumconst shr (0+16))
   165  000188  6EF8               	movwf	tblptru,c
   166  00018A  0100               	movlb	0
   167  00018C  EF06  F001         	goto	_main	;jump to C main() function
   168                           
   169                           	psect	bssCOMRAM
   170  000014                     __pbssCOMRAM:
   171                           	callstack 0
   172  000014                     _saida:
   173                           	callstack 0
   174  000014                     	ds	1
   175  000015                     _sel:
   176                           	callstack 0
   177  000015                     	ds	1
   178  000016                     _estado:
   179                           	callstack 0
   180  000016                     	ds	1
   181  000017                     _contador:
   182                           	callstack 0
   183  000017                     	ds	1
   184                           
   185                           	psect	dataCOMRAM
   186  000001                     __pdataCOMRAM:
   187                           	callstack 0
   188  000001                     _conv7seg:
   189                           	callstack 0
   190  000001                     	ds	17
   191  000012                     f_interrupt_high@counter:
   192                           	callstack 0
   193  000012                     	ds	2
   194                           
   195                           	psect	cstackCOMRAM
   196  00001A                     __pcstackCOMRAM:
   197                           	callstack 0
   198  00001A                     atraso_ms@tempo:
   199                           	callstack 0
   200                           
   201                           ; 2 bytes @ 0x0
   202  00001A                     	ds	2
   203  00001C                     
   204                           ; 1 bytes @ 0x2
   205 ;;
   206 ;;Main: autosize = 0, tempsize = 0, incstack = 0, save=0
   207 ;;
   208 ;; *************** function _main *****************
   209 ;; Defined at:
   210 ;;		line 97 in file "main.c"
   211 ;; Parameters:    Size  Location     Type
   212 ;;		None
   213 ;; Auto vars:     Size  Location     Type
   214 ;;		None
   215 ;; Return value:  Size  Location     Type
   216 ;;                  2  103[None  ] int 
   217 ;; Registers used:
   218 ;;		wreg, status,2, status,0, cstack
   219 ;; Tracked objects:
   220 ;;		On entry : 0/0
   221 ;;		On exit  : 0/0
   222 ;;		Unchanged: 0/0
   223 ;; Data sizes:     COMRAM   BANK0   BANK1   BANK2   BANK3   BANK4   BANK5
   224 ;;      Params:         0       0       0       0       0       0       0
   225 ;;      Locals:         0       0       0       0       0       0       0
   226 ;;      Temps:          0       0       0       0       0       0       0
   227 ;;      Totals:         0       0       0       0       0       0       0
   228 ;;Total ram usage:        0 bytes
   229 ;; Hardware stack levels required when called: 4
   230 ;; This function calls:
   231 ;;		_loop
   232 ;;		_setup
   233 ;; This function is called by:
   234 ;;		Startup code after reset
   235 ;; This function uses a non-reentrant model
   236 ;;
   237                           
   238                           	psect	text0
   239  00020C                     __ptext0:
   240                           	callstack 0
   241  00020C                     _main:
   242                           	callstack 27
   243  00020C                     
   244                           ;main.c: 98:    setup();
   245  00020C  EC8F  F000         	call	_setup	;wreg free
   246  000210                     l1032:
   247  000210  EC5E  F000         	call	_loop	;wreg free
   248  000214  EF08  F001         	goto	l1032
   249  000218  EF07  F000         	goto	start
   250  00021C                     __end_of_main:
   251                           	callstack 0
   252                           
   253 ;; *************** function _setup *****************
   254 ;; Defined at:
   255 ;;		line 113 in file "main.c"
   256 ;; Parameters:    Size  Location     Type
   257 ;;		None
   258 ;; Auto vars:     Size  Location     Type
   259 ;;		None
   260 ;; Return value:  Size  Location     Type
   261 ;;                  1    wreg      void 
   262 ;; Registers used:
   263 ;;		wreg, status,2, cstack
   264 ;; Tracked objects:
   265 ;;		On entry : 0/0
   266 ;;		On exit  : 0/0
   267 ;;		Unchanged: 0/0
   268 ;; Data sizes:     COMRAM   BANK0   BANK1   BANK2   BANK3   BANK4   BANK5
   269 ;;      Params:         0       0       0       0       0       0       0
   270 ;;      Locals:         0       0       0       0       0       0       0
   271 ;;      Temps:          0       0       0       0       0       0       0
   272 ;;      Totals:         0       0       0       0       0       0       0
   273 ;;Total ram usage:        0 bytes
   274 ;; Hardware stack levels used: 1
   275 ;; Hardware stack levels required when called: 3
   276 ;; This function calls:
   277 ;;		_setup_io
   278 ;; This function is called by:
   279 ;;		_main
   280 ;; This function uses a non-reentrant model
   281 ;;
   282                           
   283                           	psect	text1
   284  00011E                     __ptext1:
   285                           	callstack 0
   286  00011E                     _setup:
   287                           	callstack 27
   288  00011E                     
   289                           ;main.c: 115:     IPEN = 0;
   290  00011E  9ED0               	bcf	4048,7,c	;volatile
   291                           
   292                           ;main.c: 116:     GIE = 0;
   293  000120  9EF2               	bcf	4082,7,c	;volatile
   294                           
   295                           ;main.c: 117:     PEIE = 0;
   296  000122  9CF2               	bcf	4082,6,c	;volatile
   297  000124                     
   298                           ;main.c: 119:     setup_io();
   299  000124  ECED  F000         	call	_setup_io	;wreg free
   300  000128                     
   301                           ;main.c: 121:     INTCON = 0b10010000;
   302  000128  0E90               	movlw	144
   303  00012A  6EF2               	movwf	242,c	;volatile
   304  00012C                     
   305                           ;main.c: 122:     INTCON2 = 0b00000101;
   306  00012C  0E05               	movlw	5
   307  00012E  6EF1               	movwf	241,c	;volatile
   308  000130                     
   309                           ;main.c: 123:     INTCON3 = 0b11011000;
   310  000130  0ED8               	movlw	216
   311  000132  6EF0               	movwf	240,c	;volatile
   312  000134                     
   313                           ;main.c: 125:     T0CON = 0b11000001;
   314  000134  0EC1               	movlw	193
   315  000136  6ED5               	movwf	213,c	;volatile
   316  000138                     
   317                           ;main.c: 135:     TMR0 = 0x06;
   318  000138  0E00               	movlw	0
   319  00013A  6ED7               	movwf	215,c	;volatile
   320  00013C  0E06               	movlw	6
   321  00013E  6ED6               	movwf	214,c	;volatile
   322  000140                     
   323                           ;main.c: 137:     led1 = 0b10000000;
   324  000140  0E80               	movlw	128
   325  000142  6E19               	movwf	_led1^0,c
   326  000144                     
   327                           ;main.c: 138:     led2 = 0b00000001;
   328  000144  0E01               	movlw	1
   329  000146  6E18               	movwf	_led2^0,c
   330  000148                     
   331                           ;main.c: 140:     sel = 0;
   332  000148  0E00               	movlw	0
   333  00014A  6E15               	movwf	_sel^0,c
   334  00014C                     
   335                           ;main.c: 142:     LATA2 = 1, LATA3 = 1, LATA4 = 1, LATA5 = 1;
   336  00014C  8489               	bsf	3977,2,c	;volatile
   337  00014E  8689               	bsf	3977,3,c	;volatile
   338  000150  8889               	bsf	3977,4,c	;volatile
   339  000152  8A89               	bsf	3977,5,c	;volatile
   340  000154                     
   341                           ;main.c: 145:     TMR0IE = 1;
   342  000154  8AF2               	bsf	4082,5,c	;volatile
   343  000156                     
   344                           ;main.c: 146:     GIE = 1;
   345  000156  8EF2               	bsf	4082,7,c	;volatile
   346  000158  0012               	return		;funcret
   347  00015A                     __end_of_setup:
   348                           	callstack 0
   349                           
   350 ;; *************** function _setup_io *****************
   351 ;; Defined at:
   352 ;;		line 149 in file "main.c"
   353 ;; Parameters:    Size  Location     Type
   354 ;;		None
   355 ;; Auto vars:     Size  Location     Type
   356 ;;		None
   357 ;; Return value:  Size  Location     Type
   358 ;;                  1    wreg      void 
   359 ;; Registers used:
   360 ;;		wreg, status,2
   361 ;; Tracked objects:
   362 ;;		On entry : 0/0
   363 ;;		On exit  : 0/0
   364 ;;		Unchanged: 0/0
   365 ;; Data sizes:     COMRAM   BANK0   BANK1   BANK2   BANK3   BANK4   BANK5
   366 ;;      Params:         0       0       0       0       0       0       0
   367 ;;      Locals:         0       0       0       0       0       0       0
   368 ;;      Temps:          0       0       0       0       0       0       0
   369 ;;      Totals:         0       0       0       0       0       0       0
   370 ;;Total ram usage:        0 bytes
   371 ;; Hardware stack levels used: 1
   372 ;; Hardware stack levels required when called: 2
   373 ;; This function calls:
   374 ;;		Nothing
   375 ;; This function is called by:
   376 ;;		_setup
   377 ;; This function uses a non-reentrant model
   378 ;;
   379                           
   380                           	psect	text2
   381  0001DA                     __ptext2:
   382                           	callstack 0
   383  0001DA                     _setup_io:
   384                           	callstack 27
   385  0001DA                     
   386                           ;main.c: 151:     ADCON1 = 0b00001111;
   387  0001DA  0E0F               	movlw	15
   388  0001DC  6EC1               	movwf	193,c	;volatile
   389                           
   390                           ;main.c: 152:     TRISA = 0b11000011;
   391  0001DE  0EC3               	movlw	195
   392  0001E0  6E92               	movwf	146,c	;volatile
   393                           
   394                           ;main.c: 153:     TRISB = 0b00000011;
   395  0001E2  0E03               	movlw	3
   396  0001E4  6E93               	movwf	147,c	;volatile
   397                           
   398                           ;main.c: 154:     TRISD = 0b00000000;
   399  0001E6  0E00               	movlw	0
   400  0001E8  6E95               	movwf	149,c	;volatile
   401                           
   402                           ;main.c: 155:     LATA = 0b00000000;
   403  0001EA  0E00               	movlw	0
   404  0001EC  6E89               	movwf	137,c	;volatile
   405                           
   406                           ;main.c: 156:     LATD = 0b00000000;
   407  0001EE  0E00               	movlw	0
   408  0001F0  6E8C               	movwf	140,c	;volatile
   409                           
   410                           ;main.c: 157:     LATB = 0b00000000;
   411  0001F2  0E00               	movlw	0
   412  0001F4  6E8A               	movwf	138,c	;volatile
   413  0001F6  0012               	return		;funcret
   414  0001F8                     __end_of_setup_io:
   415                           	callstack 0
   416                           
   417 ;; *************** function _loop *****************
   418 ;; Defined at:
   419 ;;		line 160 in file "main.c"
   420 ;; Parameters:    Size  Location     Type
   421 ;;		None
   422 ;; Auto vars:     Size  Location     Type
   423 ;;		None
   424 ;; Return value:  Size  Location     Type
   425 ;;                  1    wreg      void 
   426 ;; Registers used:
   427 ;;		wreg, status,2, status,0, cstack
   428 ;; Tracked objects:
   429 ;;		On entry : 0/0
   430 ;;		On exit  : 0/0
   431 ;;		Unchanged: 0/0
   432 ;; Data sizes:     COMRAM   BANK0   BANK1   BANK2   BANK3   BANK4   BANK5
   433 ;;      Params:         0       0       0       0       0       0       0
   434 ;;      Locals:         0       0       0       0       0       0       0
   435 ;;      Temps:          0       0       0       0       0       0       0
   436 ;;      Totals:         0       0       0       0       0       0       0
   437 ;;Total ram usage:        0 bytes
   438 ;; Hardware stack levels used: 1
   439 ;; Hardware stack levels required when called: 3
   440 ;; This function calls:
   441 ;;		_atraso_ms
   442 ;; This function is called by:
   443 ;;		_main
   444 ;; This function uses a non-reentrant model
   445 ;;
   446                           
   447                           	psect	text3
   448  0000BC                     __ptext3:
   449                           	callstack 0
   450  0000BC                     _loop:
   451                           	callstack 27
   452  0000BC                     
   453                           ;main.c: 182:     LATA2 = 1; LATA3 = 0; LATA4 = 0; LATA5 = 0;
   454  0000BC  8489               	bsf	3977,2,c	;volatile
   455  0000BE  9689               	bcf	3977,3,c	;volatile
   456  0000C0  9889               	bcf	3977,4,c	;volatile
   457  0000C2  9A89               	bcf	3977,5,c	;volatile
   458                           
   459                           ;main.c: 183:     LATD = conv7seg[1];
   460  0000C4  C002  FF8C         	movff	_conv7seg+1,3980	;volatile
   461  0000C8                     
   462                           ;main.c: 184:     atraso_ms(5);
   463  0000C8  0E00               	movlw	0
   464  0000CA  6E1B               	movwf	(atraso_ms@tempo+1)^0,c
   465  0000CC  0E05               	movlw	5
   466  0000CE  6E1A               	movwf	atraso_ms@tempo^0,c
   467  0000D0  ECC8  F000         	call	_atraso_ms	;wreg free
   468  0000D4                     
   469                           ;main.c: 186:     LATA2 = 0; LATA3 = 1; LATA4 = 0; LATA5 = 0;
   470  0000D4  9489               	bcf	3977,2,c	;volatile
   471  0000D6  8689               	bsf	3977,3,c	;volatile
   472  0000D8  9889               	bcf	3977,4,c	;volatile
   473  0000DA  9A89               	bcf	3977,5,c	;volatile
   474  0000DC                     
   475                           ;main.c: 187:     LATD = conv7seg[2];
   476  0000DC  C003  FF8C         	movff	_conv7seg+2,3980	;volatile
   477                           
   478                           ;main.c: 188:     atraso_ms(5);
   479  0000E0  0E00               	movlw	0
   480  0000E2  6E1B               	movwf	(atraso_ms@tempo+1)^0,c
   481  0000E4  0E05               	movlw	5
   482  0000E6  6E1A               	movwf	atraso_ms@tempo^0,c
   483  0000E8  ECC8  F000         	call	_atraso_ms	;wreg free
   484  0000EC                     
   485                           ;main.c: 190:     LATA2 = 0; LATA3 = 0; LATA4 = 1; LATA5 = 0;
   486  0000EC  9489               	bcf	3977,2,c	;volatile
   487  0000EE  9689               	bcf	3977,3,c	;volatile
   488  0000F0  8889               	bsf	3977,4,c	;volatile
   489  0000F2  9A89               	bcf	3977,5,c	;volatile
   490  0000F4                     
   491                           ;main.c: 191:     LATD = conv7seg[3];
   492  0000F4  C004  FF8C         	movff	_conv7seg+3,3980	;volatile
   493                           
   494                           ;main.c: 192:     atraso_ms(5);
   495  0000F8  0E00               	movlw	0
   496  0000FA  6E1B               	movwf	(atraso_ms@tempo+1)^0,c
   497  0000FC  0E05               	movlw	5
   498  0000FE  6E1A               	movwf	atraso_ms@tempo^0,c
   499  000100  ECC8  F000         	call	_atraso_ms	;wreg free
   500  000104                     
   501                           ;main.c: 194:     LATA2 = 0; LATA3 = 0; LATA4 = 0; LATA5 = 1;
   502  000104  9489               	bcf	3977,2,c	;volatile
   503  000106  9689               	bcf	3977,3,c	;volatile
   504  000108  9889               	bcf	3977,4,c	;volatile
   505  00010A  8A89               	bsf	3977,5,c	;volatile
   506  00010C                     
   507                           ;main.c: 195:     LATD = conv7seg[4];
   508  00010C  C005  FF8C         	movff	_conv7seg+4,3980	;volatile
   509                           
   510                           ;main.c: 196:     atraso_ms(5);
   511  000110  0E00               	movlw	0
   512  000112  6E1B               	movwf	(atraso_ms@tempo+1)^0,c
   513  000114  0E05               	movlw	5
   514  000116  6E1A               	movwf	atraso_ms@tempo^0,c
   515  000118  ECC8  F000         	call	_atraso_ms	;wreg free
   516  00011C  0012               	return		;funcret
   517  00011E                     __end_of_loop:
   518                           	callstack 0
   519                           
   520 ;; *************** function _atraso_ms *****************
   521 ;; Defined at:
   522 ;;		line 104 in file "main.c"
   523 ;; Parameters:    Size  Location     Type
   524 ;;  tempo           2    0[COMRAM] unsigned short 
   525 ;; Auto vars:     Size  Location     Type
   526 ;;		None
   527 ;; Return value:  Size  Location     Type
   528 ;;                  1    wreg      void 
   529 ;; Registers used:
   530 ;;		wreg, status,2, status,0
   531 ;; Tracked objects:
   532 ;;		On entry : 0/0
   533 ;;		On exit  : 0/0
   534 ;;		Unchanged: 0/0
   535 ;; Data sizes:     COMRAM   BANK0   BANK1   BANK2   BANK3   BANK4   BANK5
   536 ;;      Params:         2       0       0       0       0       0       0
   537 ;;      Locals:         0       0       0       0       0       0       0
   538 ;;      Temps:          0       0       0       0       0       0       0
   539 ;;      Totals:         2       0       0       0       0       0       0
   540 ;;Total ram usage:        2 bytes
   541 ;; Hardware stack levels used: 1
   542 ;; Hardware stack levels required when called: 2
   543 ;; This function calls:
   544 ;;		Nothing
   545 ;; This function is called by:
   546 ;;		_loop
   547 ;; This function uses a non-reentrant model
   548 ;;
   549                           
   550                           	psect	text4
   551  000190                     __ptext4:
   552                           	callstack 0
   553  000190                     _atraso_ms:
   554                           	callstack 27
   555  000190                     
   556                           ;main.c: 104: void atraso_ms(uint16_t tempo);main.c: 105: {;main.c: 106:     while(tempo
      +                          )
   557  000190  EFD1  F000         	goto	l110
   558  000194                     l992:
   559                           
   560                           ;main.c: 107:     {;main.c: 108:         tempo--;
   561  000194  061A               	decf	atraso_ms@tempo^0,f,c
   562  000196  A0D8               	btfss	status,0,c
   563  000198  061B               	decf	(atraso_ms@tempo+1)^0,f,c
   564  00019A                     
   565                           ;main.c: 109:         _delay((unsigned long)((1)*(4000000UL/4000.0)));
   566  00019A  0EC8               	movlw	200
   567  00019C                     u147:
   568  00019C  D000               	nop2	
   569  00019E  2EE8               	decfsz	wreg,f,c
   570  0001A0  D7FD               	bra	u147
   571  0001A2                     l110:
   572                           
   573                           ;main.c: 106:     while(tempo)
   574  0001A2  501A               	movf	atraso_ms@tempo^0,w,c
   575  0001A4  101B               	iorwf	(atraso_ms@tempo+1)^0,w,c
   576  0001A6  A4D8               	btfss	status,2,c
   577  0001A8  EFD8  F000         	goto	u131
   578  0001AC  EFDA  F000         	goto	u130
   579  0001B0                     u131:
   580  0001B0  EFCA  F000         	goto	l992
   581  0001B4                     u130:
   582  0001B4  0012               	return		;funcret
   583  0001B6                     __end_of_atraso_ms:
   584                           	callstack 0
   585                           
   586 ;; *************** function _f_interrupt_high *****************
   587 ;; Defined at:
   588 ;;		line 60 in file "main.c"
   589 ;; Parameters:    Size  Location     Type
   590 ;;		None
   591 ;; Auto vars:     Size  Location     Type
   592 ;;		None
   593 ;; Return value:  Size  Location     Type
   594 ;;                  1    wreg      void 
   595 ;; Registers used:
   596 ;;		wreg, status,2, status,0, cstack
   597 ;; Tracked objects:
   598 ;;		On entry : 0/0
   599 ;;		On exit  : 0/0
   600 ;;		Unchanged: 0/0
   601 ;; Data sizes:     COMRAM   BANK0   BANK1   BANK2   BANK3   BANK4   BANK5
   602 ;;      Params:         0       0       0       0       0       0       0
   603 ;;      Locals:         0       0       0       0       0       0       0
   604 ;;      Temps:          0       0       0       0       0       0       0
   605 ;;      Totals:         0       0       0       0       0       0       0
   606 ;;Total ram usage:        0 bytes
   607 ;; Hardware stack levels used: 1
   608 ;; Hardware stack levels required when called: 1
   609 ;; This function calls:
   610 ;;		_f_int0
   611 ;;		_f_int1
   612 ;;		_f_int2
   613 ;; This function is called by:
   614 ;;		Interrupt level 2
   615 ;; This function uses a non-reentrant model
   616 ;;
   617                           
   618                           	psect	intcode
   619  000008                     __pintcode:
   620                           	callstack 0
   621  000008                     _f_interrupt_high:
   622                           	callstack 27
   623                           
   624                           ;incstack = 0
   625  000008  821C               	bsf	int$flags,1,c	;set compiler interrupt flag (level 2)
   626  00000A  ED09  F000         	call	int_func,f	;refresh shadow registers
   627                           
   628                           	psect	intcode_body
   629  000012                     __pintcode_body:
   630                           	callstack 27
   631  000012                     int_func:
   632                           	callstack 27
   633  000012  0006               	pop		; remove dummy address from shadow register refresh
   634  000014                     
   635                           ;main.c: 62:     if(TMR0IF){
   636  000014  A4F2               	btfss	4082,2,c	;volatile
   637  000016  EF0F  F000         	goto	i2u3_41
   638  00001A  EF11  F000         	goto	i2u3_40
   639  00001E                     i2u3_41:
   640  00001E  EF29  F000         	goto	i2l922
   641  000022                     i2u3_40:
   642  000022                     
   643                           ;main.c: 63:         static uint16_t counter = 1;;main.c: 64:         TMR0 = 0x06;
   644  000022  0E00               	movlw	0
   645  000024  6ED7               	movwf	215,c	;volatile
   646  000026  0E06               	movlw	6
   647  000028  6ED6               	movwf	214,c	;volatile
   648  00002A                     
   649                           ;main.c: 66:         if(counter < 500)
   650  00002A  0EF4               	movlw	244
   651  00002C  5C12               	subwf	f_interrupt_high@counter^0,w,c
   652  00002E  0E01               	movlw	1
   653  000030  5813               	subwfb	(f_interrupt_high@counter+1)^0,w,c
   654  000032  B0D8               	btfsc	status,0,c
   655  000034  EF1E  F000         	goto	i2u4_41
   656  000038  EF20  F000         	goto	i2u4_40
   657  00003C                     i2u4_41:
   658  00003C  EF24  F000         	goto	i2l918
   659  000040                     i2u4_40:
   660  000040                     
   661                           ;main.c: 67:         {;main.c: 68:             counter++;
   662  000040  4A12               	infsnz	f_interrupt_high@counter^0,f,c
   663  000042  2A13               	incf	(f_interrupt_high@counter+1)^0,f,c
   664                           
   665                           ;main.c: 69:         }
   666  000044  EF28  F000         	goto	i2l920
   667  000048                     i2l918:
   668                           
   669                           ;main.c: 72:         {;main.c: 74:             counter = 1;
   670  000048  0E00               	movlw	0
   671  00004A  6E13               	movwf	(f_interrupt_high@counter+1)^0,c
   672  00004C  0E01               	movlw	1
   673  00004E  6E12               	movwf	f_interrupt_high@counter^0,c
   674  000050                     i2l920:
   675                           
   676                           ;main.c: 76:         TMR0IF = 0x00;
   677  000050  94F2               	bcf	4082,2,c	;volatile
   678  000052                     i2l922:
   679                           
   680                           ;main.c: 78:     if(INT0IF && INT0IE)
   681  000052  A2F2               	btfss	4082,1,c	;volatile
   682  000054  EF2E  F000         	goto	i2u5_41
   683  000058  EF30  F000         	goto	i2u5_40
   684  00005C                     i2u5_41:
   685  00005C  EF3A  F000         	goto	i2l930
   686  000060                     i2u5_40:
   687  000060  A8F2               	btfss	4082,4,c	;volatile
   688  000062  EF35  F000         	goto	i2u6_41
   689  000066  EF37  F000         	goto	i2u6_40
   690  00006A                     i2u6_41:
   691  00006A  EF3A  F000         	goto	i2l930
   692  00006E                     i2u6_40:
   693  00006E                     
   694                           ;main.c: 79:     {;main.c: 80:         f_int0();
   695  00006E  ECDB  F000         	call	_f_int0	;wreg free
   696  000072                     
   697                           ;main.c: 81:         INT0IF = 0;
   698  000072  92F2               	bcf	4082,1,c	;volatile
   699  000074                     i2l930:
   700                           
   701                           ;main.c: 84:     if(INT1IF && INT1IE)
   702  000074  A0F0               	btfss	4080,0,c	;volatile
   703  000076  EF3F  F000         	goto	i2u7_41
   704  00007A  EF41  F000         	goto	i2u7_40
   705  00007E                     i2u7_41:
   706  00007E  EF4B  F000         	goto	i2l938
   707  000082                     i2u7_40:
   708  000082  A6F0               	btfss	4080,3,c	;volatile
   709  000084  EF46  F000         	goto	i2u8_41
   710  000088  EF48  F000         	goto	i2u8_40
   711  00008C                     i2u8_41:
   712  00008C  EF4B  F000         	goto	i2l938
   713  000090                     i2u8_40:
   714  000090                     
   715                           ;main.c: 85:     {;main.c: 86:         f_int1();
   716  000090  EC0F  F001         	call	_f_int1	;wreg free
   717  000094                     
   718                           ;main.c: 87:         INT1IF = 0;
   719  000094  90F0               	bcf	4080,0,c	;volatile
   720  000096                     i2l938:
   721                           
   722                           ;main.c: 90:     if(INT2IF && INT2IE)
   723  000096  A2F0               	btfss	4080,1,c	;volatile
   724  000098  EF50  F000         	goto	i2u9_41
   725  00009C  EF52  F000         	goto	i2u9_40
   726  0000A0                     i2u9_41:
   727  0000A0  EF5C  F000         	goto	i2l99
   728  0000A4                     i2u9_40:
   729  0000A4  A8F0               	btfss	4080,4,c	;volatile
   730  0000A6  EF57  F000         	goto	i2u10_41
   731  0000AA  EF59  F000         	goto	i2u10_40
   732  0000AE                     i2u10_41:
   733  0000AE  EF5C  F000         	goto	i2l99
   734  0000B2                     i2u10_40:
   735  0000B2                     
   736                           ;main.c: 91:     {;main.c: 92:         f_int2();
   737  0000B2  EC0E  F001         	call	_f_int2	;wreg free
   738  0000B6                     
   739                           ;main.c: 93:         INT2IF = 0;
   740  0000B6  92F0               	bcf	4080,1,c	;volatile
   741  0000B8                     i2l99:
   742  0000B8  921C               	bcf	int$flags,1,c	;clear compiler interrupt flag (level 2)
   743  0000BA  0011               	retfie		f
   744  0000BC                     __end_of_f_interrupt_high:
   745                           	callstack 0
   746                           
   747 ;; *************** function _f_int2 *****************
   748 ;; Defined at:
   749 ;;		line 215 in file "main.c"
   750 ;; Parameters:    Size  Location     Type
   751 ;;		None
   752 ;; Auto vars:     Size  Location     Type
   753 ;;		None
   754 ;; Return value:  Size  Location     Type
   755 ;;                  1    wreg      void 
   756 ;; Registers used:
   757 ;;		None
   758 ;; Tracked objects:
   759 ;;		On entry : 0/0
   760 ;;		On exit  : 0/0
   761 ;;		Unchanged: 0/0
   762 ;; Data sizes:     COMRAM   BANK0   BANK1   BANK2   BANK3   BANK4   BANK5
   763 ;;      Params:         0       0       0       0       0       0       0
   764 ;;      Locals:         0       0       0       0       0       0       0
   765 ;;      Temps:          0       0       0       0       0       0       0
   766 ;;      Totals:         0       0       0       0       0       0       0
   767 ;;Total ram usage:        0 bytes
   768 ;; Hardware stack levels used: 1
   769 ;; This function calls:
   770 ;;		Nothing
   771 ;; This function is called by:
   772 ;;		_f_interrupt_high
   773 ;; This function uses a non-reentrant model
   774 ;;
   775                           
   776                           	psect	text6
   777  00021C                     __ptext6:
   778                           	callstack 0
   779  00021C                     _f_int2:
   780                           	callstack 27
   781  00021C  0012               	return		;funcret
   782  00021E                     __end_of_f_int2:
   783                           	callstack 0
   784                           
   785 ;; *************** function _f_int1 *****************
   786 ;; Defined at:
   787 ;;		line 210 in file "main.c"
   788 ;; Parameters:    Size  Location     Type
   789 ;;		None
   790 ;; Auto vars:     Size  Location     Type
   791 ;;		None
   792 ;; Return value:  Size  Location     Type
   793 ;;                  1    wreg      void 
   794 ;; Registers used:
   795 ;;		None
   796 ;; Tracked objects:
   797 ;;		On entry : 0/0
   798 ;;		On exit  : 0/0
   799 ;;		Unchanged: 0/0
   800 ;; Data sizes:     COMRAM   BANK0   BANK1   BANK2   BANK3   BANK4   BANK5
   801 ;;      Params:         0       0       0       0       0       0       0
   802 ;;      Locals:         0       0       0       0       0       0       0
   803 ;;      Temps:          0       0       0       0       0       0       0
   804 ;;      Totals:         0       0       0       0       0       0       0
   805 ;;Total ram usage:        0 bytes
   806 ;; Hardware stack levels used: 1
   807 ;; This function calls:
   808 ;;		Nothing
   809 ;; This function is called by:
   810 ;;		_f_interrupt_high
   811 ;; This function uses a non-reentrant model
   812 ;;
   813                           
   814                           	psect	text7
   815  00021E                     __ptext7:
   816                           	callstack 0
   817  00021E                     _f_int1:
   818                           	callstack 27
   819  00021E  0012               	return		;funcret
   820  000220                     __end_of_f_int1:
   821                           	callstack 0
   822                           
   823 ;; *************** function _f_int0 *****************
   824 ;; Defined at:
   825 ;;		line 199 in file "main.c"
   826 ;; Parameters:    Size  Location     Type
   827 ;;		None
   828 ;; Auto vars:     Size  Location     Type
   829 ;;		None
   830 ;; Return value:  Size  Location     Type
   831 ;;                  1    wreg      void 
   832 ;; Registers used:
   833 ;;		wreg, status,2, status,0
   834 ;; Tracked objects:
   835 ;;		On entry : 0/0
   836 ;;		On exit  : 0/0
   837 ;;		Unchanged: 0/0
   838 ;; Data sizes:     COMRAM   BANK0   BANK1   BANK2   BANK3   BANK4   BANK5
   839 ;;      Params:         0       0       0       0       0       0       0
   840 ;;      Locals:         0       0       0       0       0       0       0
   841 ;;      Temps:          0       0       0       0       0       0       0
   842 ;;      Totals:         0       0       0       0       0       0       0
   843 ;;Total ram usage:        0 bytes
   844 ;; Hardware stack levels used: 1
   845 ;; This function calls:
   846 ;;		Nothing
   847 ;; This function is called by:
   848 ;;		_f_interrupt_high
   849 ;; This function uses a non-reentrant model
   850 ;;
   851                           
   852                           	psect	text8
   853  0001B6                     __ptext8:
   854                           	callstack 0
   855  0001B6                     _f_int0:
   856                           	callstack 27
   857  0001B6                     
   858                           ;main.c: 201:     if(sel < 3)
   859  0001B6  0E03               	movlw	3
   860  0001B8  6015               	cpfslt	_sel^0,c
   861  0001BA  EFE1  F000         	goto	i2u2_41
   862  0001BE  EFE3  F000         	goto	i2u2_40
   863  0001C2                     i2u2_41:
   864  0001C2  EFE6  F000         	goto	i2l840
   865  0001C6                     i2u2_40:
   866  0001C6                     
   867                           ;main.c: 202:         sel++;
   868  0001C6  2A15               	incf	_sel^0,f,c
   869  0001C8  EFE8  F000         	goto	i2l842
   870  0001CC                     i2l840:
   871                           
   872                           ;main.c: 205:         sel = 0;
   873  0001CC  0E00               	movlw	0
   874  0001CE  6E15               	movwf	_sel^0,c
   875  0001D0                     i2l842:
   876                           
   877                           ;main.c: 207:     LATB = sel<<6;
   878  0001D0  4015               	rrncf	_sel^0,w,c
   879  0001D2  42E8               	rrncf	wreg,f,c
   880  0001D4  0BC0               	andlw	192
   881  0001D6  6E8A               	movwf	138,c	;volatile
   882  0001D8  0012               	return		;funcret
   883  0001DA                     __end_of_f_int0:
   884                           	callstack 0
   885  0000                     
   886                           	psect	rparam
   887  0000                     
   888                           	psect	temp
   889  00001C                     btemp:
   890                           	callstack 0
   891  00001C                     	ds	1
   892  0000                     int$flags	set	btemp
   893  0000                     wtemp8	set	btemp+1
   894  0000                     ttemp5	set	btemp+1
   895  0000                     ttemp6	set	btemp+4
   896  0000                     ttemp7	set	btemp+8
   897                           
   898                           	psect	idloc
   899                           
   900                           ;Config register IDLOC0 @ 0x200000
   901                           ;	unspecified, using default values
   902  200000                     	org	2097152
   903  200000  FF                 	db	255
   904                           
   905                           ;Config register IDLOC1 @ 0x200001
   906                           ;	unspecified, using default values
   907  200001                     	org	2097153
   908  200001  FF                 	db	255
   909                           
   910                           ;Config register IDLOC2 @ 0x200002
   911                           ;	unspecified, using default values
   912  200002                     	org	2097154
   913  200002  FF                 	db	255
   914                           
   915                           ;Config register IDLOC3 @ 0x200003
   916                           ;	unspecified, using default values
   917  200003                     	org	2097155
   918  200003  FF                 	db	255
   919                           
   920                           ;Config register IDLOC4 @ 0x200004
   921                           ;	unspecified, using default values
   922  200004                     	org	2097156
   923  200004  FF                 	db	255
   924                           
   925                           ;Config register IDLOC5 @ 0x200005
   926                           ;	unspecified, using default values
   927  200005                     	org	2097157
   928  200005  FF                 	db	255
   929                           
   930                           ;Config register IDLOC6 @ 0x200006
   931                           ;	unspecified, using default values
   932  200006                     	org	2097158
   933  200006  FF                 	db	255
   934                           
   935                           ;Config register IDLOC7 @ 0x200007
   936                           ;	unspecified, using default values
   937  200007                     	org	2097159
   938  200007  FF                 	db	255
   939                           
   940                           	psect	config
   941                           
   942                           ; Padding undefined space
   943  300000                     	org	3145728
   944  300000  FF                 	db	255
   945                           
   946                           ;Config register CONFIG1H @ 0x300001
   947                           ;	Oscillator Selection bits
   948                           ;	OSC = HS, HS oscillator
   949                           ;	Fail-Safe Clock Monitor Enable bit
   950                           ;	FCMEN = OFF, Fail-Safe Clock Monitor disabled
   951                           ;	Internal/External Oscillator Switchover bit
   952                           ;	IESO = OFF, Oscillator Switchover mode disabled
   953  300001                     	org	3145729
   954  300001  02                 	db	2
   955                           
   956                           ;Config register CONFIG2L @ 0x300002
   957                           ;	Power-up Timer Enable bit
   958                           ;	PWRT = OFF, PWRT disabled
   959                           ;	Brown-out Reset Enable bits
   960                           ;	BOREN = SBORDIS, Brown-out Reset enabled in hardware only (SBOREN is disabled)
   961                           ;	Brown Out Reset Voltage bits
   962                           ;	BORV = 3, Minimum setting
   963  300002                     	org	3145730
   964  300002  1F                 	db	31
   965                           
   966                           ;Config register CONFIG2H @ 0x300003
   967                           ;	Watchdog Timer Enable bit
   968                           ;	WDT = OFF, WDT disabled (control is placed on the SWDTEN bit)
   969                           ;	Watchdog Timer Postscale Select bits
   970                           ;	WDTPS = 32768, 1:32768
   971  300003                     	org	3145731
   972  300003  1E                 	db	30
   973                           
   974                           ; Padding undefined space
   975  300004                     	org	3145732
   976  300004  FF                 	db	255
   977                           
   978                           ;Config register CONFIG3H @ 0x300005
   979                           ;	CCP2 MUX bit
   980                           ;	CCP2MX = PORTC, CCP2 input/output is multiplexed with RC1
   981                           ;	PORTB A/D Enable bit
   982                           ;	PBADEN = ON, PORTB<4:0> pins are configured as analog input channels on Reset
   983                           ;	Low-Power Timer1 Oscillator Enable bit
   984                           ;	LPT1OSC = OFF, Timer1 configured for higher power operation
   985                           ;	MCLR Pin Enable bit
   986                           ;	MCLRE = ON, MCLR pin enabled; RE3 input pin disabled
   987  300005                     	org	3145733
   988  300005  83                 	db	131
   989                           
   990                           ;Config register CONFIG4L @ 0x300006
   991                           ;	Stack Full/Underflow Reset Enable bit
   992                           ;	STVREN = ON, Stack full/underflow will cause Reset
   993                           ;	Single-Supply ICSP Enable bit
   994                           ;	LVP = OFF, Single-Supply ICSP disabled
   995                           ;	Extended Instruction Set Enable bit
   996                           ;	XINST = OFF, Instruction set extension and Indexed Addressing mode disabled (Legacy mo
      +                          de)
   997                           ;	Background Debugger Enable bit
   998                           ;	DEBUG = 0x1, unprogrammed default
   999  300006                     	org	3145734
  1000  300006  81                 	db	129
  1001                           
  1002                           ; Padding undefined space
  1003  300007                     	org	3145735
  1004  300007  FF                 	db	255
  1005                           
  1006                           ;Config register CONFIG5L @ 0x300008
  1007                           ;	Code Protection bit
  1008                           ;	CP0 = OFF, Block 0 (000800-001FFFh) not code-protected
  1009                           ;	Code Protection bit
  1010                           ;	CP1 = OFF, Block 1 (002000-003FFFh) not code-protected
  1011                           ;	Code Protection bit
  1012                           ;	CP2 = OFF, Block 2 (004000-005FFFh) not code-protected
  1013                           ;	Code Protection bit
  1014                           ;	CP3 = OFF, Block 3 (006000-007FFFh) not code-protected
  1015  300008                     	org	3145736
  1016  300008  0F                 	db	15
  1017                           
  1018                           ;Config register CONFIG5H @ 0x300009
  1019                           ;	Boot Block Code Protection bit
  1020                           ;	CPB = OFF, Boot block (000000-0007FFh) not code-protected
  1021                           ;	Data EEPROM Code Protection bit
  1022                           ;	CPD = OFF, Data EEPROM not code-protected
  1023  300009                     	org	3145737
  1024  300009  C0                 	db	192
  1025                           
  1026                           ;Config register CONFIG6L @ 0x30000A
  1027                           ;	Write Protection bit
  1028                           ;	WRT0 = OFF, Block 0 (000800-001FFFh) not write-protected
  1029                           ;	Write Protection bit
  1030                           ;	WRT1 = OFF, Block 1 (002000-003FFFh) not write-protected
  1031                           ;	Write Protection bit
  1032                           ;	WRT2 = OFF, Block 2 (004000-005FFFh) not write-protected
  1033                           ;	Write Protection bit
  1034                           ;	WRT3 = OFF, Block 3 (006000-007FFFh) not write-protected
  1035  30000A                     	org	3145738
  1036  30000A  0F                 	db	15
  1037                           
  1038                           ;Config register CONFIG6H @ 0x30000B
  1039                           ;	Configuration Register Write Protection bit
  1040                           ;	WRTC = OFF, Configuration registers (300000-3000FFh) not write-protected
  1041                           ;	Boot Block Write Protection bit
  1042                           ;	WRTB = OFF, Boot block (000000-0007FFh) not write-protected
  1043                           ;	Data EEPROM Write Protection bit
  1044                           ;	WRTD = OFF, Data EEPROM not write-protected
  1045  30000B                     	org	3145739
  1046  30000B  E0                 	db	224
  1047                           
  1048                           ;Config register CONFIG7L @ 0x30000C
  1049                           ;	Table Read Protection bit
  1050                           ;	EBTR0 = OFF, Block 0 (000800-001FFFh) not protected from table reads executed in other
      +                           blocks
  1051                           ;	Table Read Protection bit
  1052                           ;	EBTR1 = OFF, Block 1 (002000-003FFFh) not protected from table reads executed in other
      +                           blocks
  1053                           ;	Table Read Protection bit
  1054                           ;	EBTR2 = OFF, Block 2 (004000-005FFFh) not protected from table reads executed in other
      +                           blocks
  1055                           ;	Table Read Protection bit
  1056                           ;	EBTR3 = OFF, Block 3 (006000-007FFFh) not protected from table reads executed in other
      +                           blocks
  1057  30000C                     	org	3145740
  1058  30000C  0F                 	db	15
  1059                           
  1060                           ;Config register CONFIG7H @ 0x30000D
  1061                           ;	Boot Block Table Read Protection bit
  1062                           ;	EBTRB = OFF, Boot block (000000-0007FFh) not protected from table reads executed in ot
      +                          her blocks
  1063  30000D                     	org	3145741
  1064  30000D  40                 	db	64
  1065                           tosu	equ	0xFFF
  1066                           tosh	equ	0xFFE
  1067                           tosl	equ	0xFFD
  1068                           stkptr	equ	0xFFC
  1069                           pclatu	equ	0xFFB
  1070                           pclath	equ	0xFFA
  1071                           pcl	equ	0xFF9
  1072                           tblptru	equ	0xFF8
  1073                           tblptrh	equ	0xFF7
  1074                           tblptrl	equ	0xFF6
  1075                           tablat	equ	0xFF5
  1076                           prodh	equ	0xFF4
  1077                           prodl	equ	0xFF3
  1078                           indf0	equ	0xFEF
  1079                           postinc0	equ	0xFEE
  1080                           postdec0	equ	0xFED
  1081                           preinc0	equ	0xFEC
  1082                           plusw0	equ	0xFEB
  1083                           fsr0h	equ	0xFEA
  1084                           fsr0l	equ	0xFE9
  1085                           wreg	equ	0xFE8
  1086                           indf1	equ	0xFE7
  1087                           postinc1	equ	0xFE6
  1088                           postdec1	equ	0xFE5
  1089                           preinc1	equ	0xFE4
  1090                           plusw1	equ	0xFE3
  1091                           fsr1h	equ	0xFE2
  1092                           fsr1l	equ	0xFE1
  1093                           bsr	equ	0xFE0
  1094                           indf2	equ	0xFDF
  1095                           postinc2	equ	0xFDE
  1096                           postdec2	equ	0xFDD
  1097                           preinc2	equ	0xFDC
  1098                           plusw2	equ	0xFDB
  1099                           fsr2h	equ	0xFDA
  1100                           fsr2l	equ	0xFD9
  1101                           status	equ	0xFD8

Data Sizes:
    Strings     0
    Constant    0
    Data        19
    BSS         4
    Persistent  2
    Stack       0

Auto Spaces:
    Space          Size  Autos    Used
    COMRAM          126      2      27
    BANK0           128      0       0
    BANK1           256      0       0
    BANK2           256      0       0
    BANK3           256      0       0
    BANK4           256      0       0
    BANK5           256      0       0

Pointer List with Targets:

    None.

Critical Paths under _main in COMRAM

    _loop->_atraso_ms

Critical Paths under _f_interrupt_high in COMRAM

    None.

Critical Paths under _main in BANK0

    None.

Critical Paths under _f_interrupt_high in BANK0

    None.

Critical Paths under _main in BANK1

    None.

Critical Paths under _f_interrupt_high in BANK1

    None.

Critical Paths under _main in BANK2

    None.

Critical Paths under _f_interrupt_high in BANK2

    None.

Critical Paths under _main in BANK3

    None.

Critical Paths under _f_interrupt_high in BANK3

    None.

Critical Paths under _main in BANK4

    None.

Critical Paths under _f_interrupt_high in BANK4

    None.

Critical Paths under _main in BANK5

    None.

Critical Paths under _f_interrupt_high in BANK5

    None.

Call Graph Tables:

 ---------------------------------------------------------------------------------
 (Depth) Function   	        Calls       Base Space   Used Autos Params    Refs
 ---------------------------------------------------------------------------------
 (0) _main                                                 0     0      0     327
                               _loop
                              _setup
 ---------------------------------------------------------------------------------
 (1) _setup                                                0     0      0       0
                           _setup_io
 ---------------------------------------------------------------------------------
 (2) _setup_io                                             0     0      0       0
 ---------------------------------------------------------------------------------
 (1) _loop                                                 0     0      0     327
                          _atraso_ms
 ---------------------------------------------------------------------------------
 (2) _atraso_ms                                            2     0      2     327
                                              0 COMRAM     2     0      2
 ---------------------------------------------------------------------------------
 Estimated maximum stack depth 2
 ---------------------------------------------------------------------------------
 (Depth) Function   	        Calls       Base Space   Used Autos Params    Refs
 ---------------------------------------------------------------------------------
 (3) _f_interrupt_high                                     0     0      0       0
                             _f_int0
                             _f_int1
                             _f_int2
 ---------------------------------------------------------------------------------
 (4) _f_int2                                               0     0      0       0
 ---------------------------------------------------------------------------------
 (4) _f_int1                                               0     0      0       0
 ---------------------------------------------------------------------------------
 (4) _f_int0                                               0     0      0       0
 ---------------------------------------------------------------------------------
 Estimated maximum stack depth 4
 ---------------------------------------------------------------------------------

 Call Graph Graphs:

 _main (ROOT)
   _loop
     _atraso_ms
   _setup
     _setup_io

 _f_interrupt_high (ROOT)
   _f_int0
   _f_int1
   _f_int2

 Address spaces:
Name               Size   Autos  Total    Cost      Usage
BIGRAM             5FF      0       0      26        0.0%
EEDATA             100      0       0       0        0.0%
BITBANK5           100      0       0      14        0.0%
BANK5              100      0       0      15        0.0%
BITBANK4           100      0       0      12        0.0%
BANK4              100      0       0      13        0.0%
BITBANK3           100      0       0      10        0.0%
BANK3              100      0       0      11        0.0%
BITBANK2           100      0       0       8        0.0%
BANK2              100      0       0       9        0.0%
BITBANK1           100      0       0       6        0.0%
BANK1              100      0       0       7        0.0%
BITBANK0            80      0       0       4        0.0%
BANK0               80      0       0       5        0.0%
BITCOMRAM           7E      0       0       0        0.0%
COMRAM              7E      2      1B       1       21.4%
BITBIGSFRlllhlh     2B      0       0      20        0.0%
BITBIGSFRlhl        18      0       0      17        0.0%
BITBIGSFRlllhh       E      0       0      19        0.0%
BITBIGSFRh           D      0       0      16        0.0%
BITBIGSFRllll        9      0       0      24        0.0%
BITBIGSFRlllhll      5      0       0      22        0.0%
BITBIGSFRllh         4      0       0      18        0.0%
BITBIGSFRlllhlh      1      0       0      21        0.0%
BITBIGSFRlllhll      1      0       0      23        0.0%
BIGSFR               0      0       0     200        0.0%
BITSFR               0      0       0     200        0.0%
SFR                  0      0       0     200        0.0%
STACK                0      0       0       2        0.0%
NULL                 0      0       0       0        0.0%
ABS                  0      0      1B      25        0.0%
DATA                 0      0      1B       3        0.0%
CODE                 0      0       0       0        0.0%


Microchip Technology PIC18 Macro Assembler V2.36 build 20220127204148 
Symbol Table                                                                                   Wed Oct  5 20:40:01 2022

                     l110 01A2                       l113 01B4                       l122 011C  
                     l116 0158                       l119 01F6                       l834 01DA  
                     l850 012C                       l860 0144                       l852 0130  
                     l844 011E                       l870 0152                       l862 0148  
                     l854 0134                       l846 0124                       l872 0154  
                     l864 014C                       l856 0138                       l848 0128  
                     l874 0156                       l866 014E                       l858 0140  
                     l868 0150                       l990 0190                       l992 0194  
                     l994 019A                       _GIE 007F97                       l996 00BC  
                     l998 00C8                       u130 01B4                       u131 01B0  
                     u147 019C                       _sel 0015                       wreg 000FE8  
                    l1000 00D4                      l1010 00EC                      l1002 00D6  
                    l1020 0104                      l1012 00EE                      l1004 00D8  
                    l1022 0106                      l1014 00F0                      l1006 00DA  
                    l1030 020C                      l1024 0108                      l1016 00F2  
                    l1008 00DC                      l1032 0210                      l1026 010A  
                    l1018 00F4                      l1028 010C                      _LATA 000F89  
                    _LATB 000F8A                      _LATD 000F8C                      _IPEN 007E87  
                    _PEIE 007F96                      i2l99 00B8                      _TMR0 000FD6  
                    _led1 0019                      _led2 0018                      _main 020C  
                    _loop 00BC                      fsr1l 000FE1                      btemp 001C  
                    start 000E              ___param_bank 000000                     ?_main 001A  
                   ?_loop 001A                     _T0CON 000FD5                     _LATA2 007C4A  
                   _LATA3 007C4B                     _LATA4 007C4C                     _LATA5 007C4D  
                   i2l130 021E                     i2l133 021C                     i2l127 01D8  
                   i2l910 0014                     i2l840 01CC                     i2l920 0050  
                   i2l912 0022                     i2l842 01D0                     i2l930 0074  
                   i2l914 002A                     i2l922 0052                     i2l836 01B6  
                   i2l940 00A4                     i2l932 0082                     i2l924 0060  
                   i2l916 0040                     i2l838 01C6                     i2l942 00B2  
                   i2l934 0090                     i2l926 006E                     i2l918 0048  
                   i2l944 00B6                     i2l936 0094                     i2l928 0072  
                   i2l938 0096                     _TRISA 000F92                     _TRISB 000F93  
                   _TRISD 000F95                     _saida 0014                     _setup 011E  
                   tablat 000FF5                     ttemp5 001D                     ttemp6 0020  
                   ttemp7 0024                     status 000FD8                     wtemp8 001D  
        _f_interrupt_high 0008           __initialization 015A              __end_of_main 021C  
            __end_of_loop 011E                    ??_main 001C                    ??_loop 001C  
           __activetblptr 000002                    _ADCON1 000FC1                    ?_setup 001A  
                  _INT0IE 007F94                    _INT0IF 007F91                    _INT1IE 007F83  
                  _INT1IF 007F80                    _INT2IE 007F84                    _INT2IF 007F81  
                  _INTCON 000FF2                    _TMR0IE 007F95                    _TMR0IF 007F92  
                  i2u2_40 01C6                    i2u2_41 01C2                    i2u3_40 0022  
                  i2u3_41 001E                    i2u4_40 0040                    i2u4_41 003C  
                  i2u5_40 0060                    i2u5_41 005C                    i2u6_40 006E  
                  i2u6_41 006A                    i2u7_40 0082                    i2u7_41 007E  
                  i2u8_40 0090                    i2u8_41 008C                    i2u9_40 00A4  
                  i2u9_41 00A0                    _f_int0 01B6                    _f_int1 021E  
                  _f_int2 021C                    _estado 0016                    isa$std 000001  
            __pdataCOMRAM 0001                    tblptrh 000FF7                    tblptrl 000FF6  
        __end_of_setup_io 01F8                    tblptru 000FF8                __accesstop 0080  
 __end_of__initialization 0182             ___rparam_used 000001            __pcstackCOMRAM 001A  
           __end_of_setup 015A                   ??_setup 001A                __pnvCOMRAM 0018  
                 ?_f_int0 001A                   ?_f_int1 001A                   ?_f_int2 001A  
                 _INTCON2 000FF1                   _INTCON3 000FF0                   i2u10_40 00B2  
                 i2u10_41 00AE  __end_of_f_interrupt_high 00BC                   __Hparam 0000  
                 __Lparam 0000                 ?_setup_io 001A         __end_of_atraso_ms 01B6  
                 __pcinit 015A                   __ramtop 0600                   __ptext0 020C  
                 __ptext1 011E                   __ptext2 01DA                   __ptext3 00BC  
                 __ptext4 0190                   __ptext6 021C                   __ptext7 021E  
                 __ptext8 01B6            __pintcode_body 0012      end_of_initialization 0182  
           __Lmediumconst 0000                   int_func 0012                   postdec1 000FE5  
              ??_setup_io 001A                   postinc0 000FEE   f_interrupt_high@counter 0012  
          __end_of_f_int0 01DA            __end_of_f_int1 0220            __end_of_f_int2 021E  
           __pidataCOMRAM 01F8       start_initialization 015A                  ??_f_int0 001A  
                ??_f_int1 001A                  ??_f_int2 001A               __pbssCOMRAM 0014  
       ?_f_interrupt_high 001A        ??_f_interrupt_high 001A                 __pintcode 0008  
               _atraso_ms 0190            atraso_ms@tempo 001A                ?_atraso_ms 001A  
               copy_data0 016E                  __Hrparam 0000                  __Lrparam 0000  
                _conv7seg 0001                  _contador 0017                  isa$xinst 000000  
                _setup_io 01DA                  int$flags 001C               ??_atraso_ms 001C  
                intlevel2 0000  
